0 info it worked if it ends with ok
1 verbose cli [ '/usr/local/bin/node',
1 verbose cli   '/usr/local/bin/npm',
1 verbose cli   'install',
1 verbose cli   'libpq' ]
2 info using npm@2.14.12
3 info using node@v4.3.1
4 verbose config Skipping project config: /Users/saberkhan/.npmrc. (matches userconfig)
5 verbose install initial load of /Users/saberkhan/package.json
6 verbose installManyTop reading scoped package data from /Users/saberkhan/node_modules/npm/package.json
7 verbose readDependencies loading dependencies from /Users/saberkhan/package.json
8 silly cache add args [ 'libpq', null ]
9 verbose cache add spec libpq
10 silly cache add parsed spec Result {
10 silly cache add   raw: 'libpq',
10 silly cache add   scope: null,
10 silly cache add   name: 'libpq',
10 silly cache add   rawSpec: '',
10 silly cache add   spec: 'latest',
10 silly cache add   type: 'tag' }
11 silly addNamed libpq@latest
12 verbose addNamed "latest" is being treated as a dist-tag for libpq
13 info addNameTag [ 'libpq', 'latest' ]
14 silly mapToRegistry name libpq
15 silly mapToRegistry using default registry
16 silly mapToRegistry registry https://registry.npmjs.org/
17 silly mapToRegistry uri https://registry.npmjs.org/libpq
18 verbose addNameTag registry:https://registry.npmjs.org/libpq not in flight; fetching
19 verbose request uri https://registry.npmjs.org/libpq
20 verbose request no auth needed
21 info attempt registry request try #1 at 12:45:21 PM
22 verbose request id 0617758a591e97ec
23 http request GET https://registry.npmjs.org/libpq
24 http 200 https://registry.npmjs.org/libpq
25 verbose headers { server: 'nginx/1.10.1',
25 verbose headers   'content-type': 'application/json',
25 verbose headers   'last-modified': 'Wed, 03 Aug 2016 15:30:37 GMT',
25 verbose headers   etag: 'W/"57a20e1d-e371"',
25 verbose headers   'content-encoding': 'gzip',
25 verbose headers   'cache-control': 'max-age=300',
25 verbose headers   'content-length': '10407',
25 verbose headers   'accept-ranges': 'bytes',
25 verbose headers   date: 'Mon, 13 Feb 2017 17:45:21 GMT',
25 verbose headers   via: '1.1 varnish',
25 verbose headers   age: '0',
25 verbose headers   connection: 'keep-alive',
25 verbose headers   'x-served-by': 'cache-jfk8128-JFK',
25 verbose headers   'x-cache': 'HIT',
25 verbose headers   'x-cache-hits': '1',
25 verbose headers   'x-timer': 'S1487007921.582490,VS0,VE66',
25 verbose headers   vary: 'Accept-Encoding' }
26 silly get cb [ 200,
26 silly get   { server: 'nginx/1.10.1',
26 silly get     'content-type': 'application/json',
26 silly get     'last-modified': 'Wed, 03 Aug 2016 15:30:37 GMT',
26 silly get     etag: 'W/"57a20e1d-e371"',
26 silly get     'content-encoding': 'gzip',
26 silly get     'cache-control': 'max-age=300',
26 silly get     'content-length': '10407',
26 silly get     'accept-ranges': 'bytes',
26 silly get     date: 'Mon, 13 Feb 2017 17:45:21 GMT',
26 silly get     via: '1.1 varnish',
26 silly get     age: '0',
26 silly get     connection: 'keep-alive',
26 silly get     'x-served-by': 'cache-jfk8128-JFK',
26 silly get     'x-cache': 'HIT',
26 silly get     'x-cache-hits': '1',
26 silly get     'x-timer': 'S1487007921.582490,VS0,VE66',
26 silly get     vary: 'Accept-Encoding' } ]
27 verbose get saving libpq to /Users/saberkhan/.npm/registry.npmjs.org/libpq/.cache.json
28 silly addNameTag next cb for libpq with tag latest
29 silly addNamed libpq@1.8.5
30 verbose addNamed "1.8.5" is a plain semver version for libpq
31 silly mapToRegistry name libpq
32 silly mapToRegistry using default registry
33 silly mapToRegistry registry https://registry.npmjs.org/
34 silly mapToRegistry uri https://registry.npmjs.org/libpq
35 verbose addRemoteTarball https://registry.npmjs.org/libpq/-/libpq-1.8.5.tgz not in flight; adding
36 verbose addRemoteTarball [ 'https://registry.npmjs.org/libpq/-/libpq-1.8.5.tgz',
36 verbose addRemoteTarball   '9ef5bb509e1658908c19474088031db3dc7d4e48' ]
37 info retry fetch attempt 1 at 12:45:21 PM
38 info attempt registry request try #1 at 12:45:21 PM
39 http fetch GET https://registry.npmjs.org/libpq/-/libpq-1.8.5.tgz
40 http fetch 200 https://registry.npmjs.org/libpq/-/libpq-1.8.5.tgz
41 silly fetchAndShaCheck shasum 9ef5bb509e1658908c19474088031db3dc7d4e48
42 verbose addTmpTarball /var/folders/31/wpw307s10tn8lp011d3x6shr0000gn/T/npm-89049-169512e1/registry.npmjs.org/libpq/-/libpq-1.8.5.tgz not in flight; adding
43 verbose addTmpTarball already have metadata; skipping unpack for libpq@1.8.5
44 silly cache afterAdd libpq@1.8.5
45 verbose afterAdd /Users/saberkhan/.npm/libpq/1.8.5/package/package.json not in flight; writing
46 verbose afterAdd /Users/saberkhan/.npm/libpq/1.8.5/package/package.json written
47 silly install resolved [ { name: 'libpq',
47 silly install resolved     version: '1.8.5',
47 silly install resolved     description: 'Low-level native bindings to PostgreSQL libpq',
47 silly install resolved     main: 'index.js',
47 silly install resolved     keywords: [ 'postgres', 'libpq' ],
47 silly install resolved     repository: { type: 'git', url: 'git://github.com/brianc/node-libpq.git' },
47 silly install resolved     scripts:
47 silly install resolved      { test: 'node-gyp rebuild && node_modules/.bin/mocha',
47 silly install resolved        install: 'node-gyp rebuild' },
47 silly install resolved     author: { name: 'Brian M. Carlson' },
47 silly install resolved     license: 'MIT',
47 silly install resolved     dependencies: { nan: '^2.3.0', bindings: '1.2.1' },
47 silly install resolved     devDependencies:
47 silly install resolved      { async: '^0.9.0',
47 silly install resolved        lodash: '^2.4.1',
47 silly install resolved        mocha: '^1.21.4',
47 silly install resolved        okay: '^0.3.0' },
47 silly install resolved     gypfile: true,
47 silly install resolved     gitHead: '1ab56400470c57e0e5ae56be084f567e3b7937d2',
47 silly install resolved     bugs: { url: 'https://github.com/brianc/node-libpq/issues' },
47 silly install resolved     homepage: 'https://github.com/brianc/node-libpq#readme',
47 silly install resolved     _id: 'libpq@1.8.5',
47 silly install resolved     _shasum: '9ef5bb509e1658908c19474088031db3dc7d4e48',
47 silly install resolved     _from: 'libpq@latest',
47 silly install resolved     _npmVersion: '3.9.3',
47 silly install resolved     _nodeVersion: '6.2.1',
47 silly install resolved     _npmUser: { name: 'brianc', email: 'brian.m.carlson@gmail.com' },
47 silly install resolved     maintainers: [ [Object] ],
47 silly install resolved     dist:
47 silly install resolved      { shasum: '9ef5bb509e1658908c19474088031db3dc7d4e48',
47 silly install resolved        tarball: 'https://registry.npmjs.org/libpq/-/libpq-1.8.5.tgz' },
47 silly install resolved     _npmOperationalInternal:
47 silly install resolved      { host: 'packages-12-west.internal.npmjs.com',
47 silly install resolved        tmp: 'tmp/libpq-1.8.5.tgz_1470238237710_0.7731881234794855' },
47 silly install resolved     directories: {},
47 silly install resolved     _resolved: 'https://registry.npmjs.org/libpq/-/libpq-1.8.5.tgz' } ]
48 info install libpq@1.8.5 into /Users/saberkhan
49 info installOne libpq@1.8.5
50 verbose installOne of libpq to /Users/saberkhan not in flight; installing
51 verbose lock using /Users/saberkhan/.npm/_locks/libpq-6f6091a9336607d4.lock for /Users/saberkhan/node_modules/libpq
52 silly install write writing libpq 1.8.5 to /Users/saberkhan/node_modules/libpq
53 verbose unbuild node_modules/libpq
54 silly gentlyRm /Users/saberkhan/node_modules/libpq is being purged from base /Users/saberkhan
55 verbose gentlyRm don't care about contents; nuking /Users/saberkhan/node_modules/libpq
56 verbose tar unpack /Users/saberkhan/.npm/libpq/1.8.5/package.tgz
57 verbose tar unpacking to /Users/saberkhan/node_modules/libpq
58 silly gentlyRm /Users/saberkhan/node_modules/libpq is being purged
59 verbose gentlyRm don't care about contents; nuking /Users/saberkhan/node_modules/libpq
60 silly gunzTarPerm modes [ '755', '644' ]
61 silly gunzTarPerm extractEntry package.json
62 silly gunzTarPerm extractEntry .npmignore
63 silly gunzTarPerm extractEntry README.md
64 silly gunzTarPerm extractEntry index.js
65 silly gunzTarPerm extractEntry binding.gyp
66 silly gunzTarPerm extractEntry .travis.yml
67 silly gunzTarPerm extractEntry Makefile
68 silly gunzTarPerm extractEntry src/addon.cc
69 silly gunzTarPerm extractEntry src/addon.h
70 silly gunzTarPerm extractEntry src/connect-async-worker.cc
71 silly gunzTarPerm extractEntry src/connect-async-worker.h
72 silly gunzTarPerm extractEntry src/connection.cc
73 silly gunzTarPerm extractEntry src/connection.h
74 silly gunzTarPerm extractEntry test/async-connection.js
75 silly gunzTarPerm extractEntry test/escaping.js
76 silly gunzTarPerm extractEntry test/helper.js
77 silly gunzTarPerm extractEntry test/index.js
78 silly gunzTarPerm extractEntry test/error-info.js
79 silly gunzTarPerm extractEntry test/async-socket.js
80 silly gunzTarPerm extractEntry test/sync-prepare.js
81 silly gunzTarPerm extractEntry test/multiple-queries.js
82 silly gunzTarPerm extractEntry test/non-blocking-controls.js
83 silly gunzTarPerm extractEntry test/notification.js
84 silly gunzTarPerm extractEntry test/error-conditions.js
85 silly gunzTarPerm extractEntry test/result-accessors.js
86 silly gunzTarPerm extractEntry test/copy-out.js
87 silly gunzTarPerm extractEntry test/server-version.js
88 silly gunzTarPerm extractEntry test/copy-in.js
89 silly gunzTarPerm extractEntry test/socket.js
90 silly gunzTarPerm extractEntry test/construction.js
91 silly gunzTarPerm extractEntry test/sync-integration.js
92 silly gunzTarPerm extractEntry test/cancel.js
93 silly gunzTarPerm extractEntry test/sync-parameters.js
94 silly gunzTarPerm extractEntry test/load.js
95 silly gunzTarPerm extractEntry test/sync.js
96 silly gunzTarPerm extractEntry test/many-connections.js
97 silly gunzTarPerm extractEntry test/mocha.opts
98 verbose write writing to /Users/saberkhan/node_modules/libpq/package.json
99 info preinstall libpq@1.8.5
100 verbose readDependencies loading dependencies from /Users/saberkhan/node_modules/libpq/package.json
101 silly prepareForInstallMany adding nan@^2.3.0 from libpq dependencies
102 silly prepareForInstallMany adding bindings@1.2.1 from libpq dependencies
103 verbose readDependencies loading dependencies from /Users/saberkhan/node_modules/libpq/package.json
104 silly cache add args [ 'nan@^2.3.0', null ]
105 verbose cache add spec nan@^2.3.0
106 silly cache add args [ 'bindings@1.2.1', null ]
107 verbose cache add spec bindings@1.2.1
108 silly cache add parsed spec Result {
108 silly cache add   raw: 'nan@^2.3.0',
108 silly cache add   scope: null,
108 silly cache add   name: 'nan',
108 silly cache add   rawSpec: '^2.3.0',
108 silly cache add   spec: '>=2.3.0 <3.0.0',
108 silly cache add   type: 'range' }
109 silly addNamed nan@>=2.3.0 <3.0.0
110 verbose addNamed ">=2.3.0 <3.0.0" is a valid semver range for nan
111 silly addNameRange { name: 'nan', range: '>=2.3.0 <3.0.0', hasData: false }
112 silly mapToRegistry name nan
113 silly mapToRegistry using default registry
114 silly mapToRegistry registry https://registry.npmjs.org/
115 silly mapToRegistry uri https://registry.npmjs.org/nan
116 verbose addNameRange registry:https://registry.npmjs.org/nan not in flight; fetching
117 silly cache add parsed spec Result {
117 silly cache add   raw: 'bindings@1.2.1',
117 silly cache add   scope: null,
117 silly cache add   name: 'bindings',
117 silly cache add   rawSpec: '1.2.1',
117 silly cache add   spec: '1.2.1',
117 silly cache add   type: 'version' }
118 silly addNamed bindings@1.2.1
119 verbose addNamed "1.2.1" is a plain semver version for bindings
120 silly mapToRegistry name bindings
121 silly mapToRegistry using default registry
122 silly mapToRegistry registry https://registry.npmjs.org/
123 silly mapToRegistry uri https://registry.npmjs.org/bindings
124 verbose addNameVersion registry:https://registry.npmjs.org/bindings not in flight; fetching
125 verbose request uri https://registry.npmjs.org/bindings
126 verbose request no auth needed
127 info attempt registry request try #1 at 12:45:21 PM
128 http request GET https://registry.npmjs.org/bindings
129 verbose request uri https://registry.npmjs.org/nan
130 verbose request no auth needed
131 info attempt registry request try #1 at 12:45:21 PM
132 verbose etag W/"585acecf-1d7db"
133 verbose lastModified Wed, 21 Dec 2016 18:49:51 GMT
134 http request GET https://registry.npmjs.org/nan
135 http 200 https://registry.npmjs.org/bindings
136 verbose headers { server: 'nginx/1.10.1',
136 verbose headers   'content-type': 'application/json',
136 verbose headers   'last-modified': 'Tue, 18 Oct 2016 15:54:59 GMT',
136 verbose headers   etag: 'W/"580645d3-46f7"',
136 verbose headers   'content-encoding': 'gzip',
136 verbose headers   'cache-control': 'max-age=300',
136 verbose headers   'content-length': '3493',
136 verbose headers   'accept-ranges': 'bytes',
136 verbose headers   date: 'Mon, 13 Feb 2017 17:45:21 GMT',
136 verbose headers   via: '1.1 varnish',
136 verbose headers   age: '276',
136 verbose headers   connection: 'keep-alive',
136 verbose headers   'x-served-by': 'cache-jfk8132-JFK',
136 verbose headers   'x-cache': 'HIT',
136 verbose headers   'x-cache-hits': '2',
136 verbose headers   'x-timer': 'S1487007921.826601,VS0,VE0',
136 verbose headers   vary: 'Accept-Encoding' }
137 silly get cb [ 200,
137 silly get   { server: 'nginx/1.10.1',
137 silly get     'content-type': 'application/json',
137 silly get     'last-modified': 'Tue, 18 Oct 2016 15:54:59 GMT',
137 silly get     etag: 'W/"580645d3-46f7"',
137 silly get     'content-encoding': 'gzip',
137 silly get     'cache-control': 'max-age=300',
137 silly get     'content-length': '3493',
137 silly get     'accept-ranges': 'bytes',
137 silly get     date: 'Mon, 13 Feb 2017 17:45:21 GMT',
137 silly get     via: '1.1 varnish',
137 silly get     age: '276',
137 silly get     connection: 'keep-alive',
137 silly get     'x-served-by': 'cache-jfk8132-JFK',
137 silly get     'x-cache': 'HIT',
137 silly get     'x-cache-hits': '2',
137 silly get     'x-timer': 'S1487007921.826601,VS0,VE0',
137 silly get     vary: 'Accept-Encoding' } ]
138 verbose get saving bindings to /Users/saberkhan/.npm/registry.npmjs.org/bindings/.cache.json
139 http 200 https://registry.npmjs.org/nan
140 verbose headers { server: 'nginx/1.10.1',
140 verbose headers   'content-type': 'application/json',
140 verbose headers   'last-modified': 'Sun, 22 Jan 2017 22:27:41 GMT',
140 verbose headers   etag: 'W/"588531dd-1df56"',
140 verbose headers   'content-encoding': 'gzip',
140 verbose headers   'cache-control': 'max-age=300',
140 verbose headers   'content-length': '14419',
140 verbose headers   'accept-ranges': 'bytes',
140 verbose headers   date: 'Mon, 13 Feb 2017 17:45:21 GMT',
140 verbose headers   via: '1.1 varnish',
140 verbose headers   age: '255',
140 verbose headers   connection: 'keep-alive',
140 verbose headers   'x-served-by': 'cache-jfk8124-JFK',
140 verbose headers   'x-cache': 'HIT',
140 verbose headers   'x-cache-hits': '4',
140 verbose headers   'x-timer': 'S1487007921.828465,VS0,VE0',
140 verbose headers   vary: 'Accept-Encoding' }
141 silly get cb [ 200,
141 silly get   { server: 'nginx/1.10.1',
141 silly get     'content-type': 'application/json',
141 silly get     'last-modified': 'Sun, 22 Jan 2017 22:27:41 GMT',
141 silly get     etag: 'W/"588531dd-1df56"',
141 silly get     'content-encoding': 'gzip',
141 silly get     'cache-control': 'max-age=300',
141 silly get     'content-length': '14419',
141 silly get     'accept-ranges': 'bytes',
141 silly get     date: 'Mon, 13 Feb 2017 17:45:21 GMT',
141 silly get     via: '1.1 varnish',
141 silly get     age: '255',
141 silly get     connection: 'keep-alive',
141 silly get     'x-served-by': 'cache-jfk8124-JFK',
141 silly get     'x-cache': 'HIT',
141 silly get     'x-cache-hits': '4',
141 silly get     'x-timer': 'S1487007921.828465,VS0,VE0',
141 silly get     vary: 'Accept-Encoding' } ]
142 verbose get saving nan to /Users/saberkhan/.npm/registry.npmjs.org/nan/.cache.json
143 silly mapToRegistry name bindings
144 silly mapToRegistry using default registry
145 silly mapToRegistry registry https://registry.npmjs.org/
146 silly mapToRegistry uri https://registry.npmjs.org/bindings
147 verbose addRemoteTarball https://registry.npmjs.org/bindings/-/bindings-1.2.1.tgz not in flight; adding
148 verbose addRemoteTarball [ 'https://registry.npmjs.org/bindings/-/bindings-1.2.1.tgz',
148 verbose addRemoteTarball   '14ad6113812d2d37d72e67b4cacb4bb726505f11' ]
149 info retry fetch attempt 1 at 12:45:21 PM
150 info attempt registry request try #1 at 12:45:21 PM
151 http fetch GET https://registry.npmjs.org/bindings/-/bindings-1.2.1.tgz
152 silly addNameRange number 2 { name: 'nan', range: '>=2.3.0 <3.0.0', hasData: true }
153 silly addNameRange versions [ 'nan',
153 silly addNameRange   [ '0.3.0-wip',
153 silly addNameRange     '0.3.0-wip2',
153 silly addNameRange     '0.3.0',
153 silly addNameRange     '0.3.1',
153 silly addNameRange     '0.3.2',
153 silly addNameRange     '0.4.0',
153 silly addNameRange     '0.4.1',
153 silly addNameRange     '0.4.2',
153 silly addNameRange     '0.4.3',
153 silly addNameRange     '0.4.4',
153 silly addNameRange     '0.5.0',
153 silly addNameRange     '0.5.1',
153 silly addNameRange     '0.5.2',
153 silly addNameRange     '0.6.0',
153 silly addNameRange     '0.7.0',
153 silly addNameRange     '0.7.1',
153 silly addNameRange     '0.8.0',
153 silly addNameRange     '1.0.0',
153 silly addNameRange     '1.1.0',
153 silly addNameRange     '1.1.1',
153 silly addNameRange     '1.1.2',
153 silly addNameRange     '1.2.0',
153 silly addNameRange     '1.3.0',
153 silly addNameRange     '1.4.0',
153 silly addNameRange     '1.4.1',
153 silly addNameRange     '1.5.0',
153 silly addNameRange     '1.4.2',
153 silly addNameRange     '1.4.3',
153 silly addNameRange     '1.5.1',
153 silly addNameRange     '1.5.2',
153 silly addNameRange     '1.6.0',
153 silly addNameRange     '1.5.3',
153 silly addNameRange     '1.6.1',
153 silly addNameRange     '1.6.2',
153 silly addNameRange     '1.7.0',
153 silly addNameRange     '1.8.0',
153 silly addNameRange     '1.8.1',
153 silly addNameRange     '1.8.2',
153 silly addNameRange     '1.8.3',
153 silly addNameRange     '1.8.4',
153 silly addNameRange     '1.9.0',
153 silly addNameRange     '2.0.0',
153 silly addNameRange     '2.0.1',
153 silly addNameRange     '2.0.2',
153 silly addNameRange     '2.0.3',
153 silly addNameRange     '2.0.4',
153 silly addNameRange     '2.0.5',
153 silly addNameRange     '2.0.6',
153 silly addNameRange     '2.0.7',
153 silly addNameRange     '2.0.8',
153 silly addNameRange     '2.0.9',
153 silly addNameRange     '2.1.0',
153 silly addNameRange     '2.2.0',
153 silly addNameRange     '2.2.1',
153 silly addNameRange     '2.3.0',
153 silly addNameRange     '2.3.1',
153 silly addNameRange     '2.3.2',
153 silly addNameRange     '2.3.3',
153 silly addNameRange     '2.3.4',
153 silly addNameRange     '2.3.5',
153 silly addNameRange     '2.4.0',
153 silly addNameRange     '2.5.0',
153 silly addNameRange     '2.5.1' ] ]
154 silly addNamed nan@2.5.1
155 verbose addNamed "2.5.1" is a plain semver version for nan
156 silly mapToRegistry name nan
157 silly mapToRegistry using default registry
158 silly mapToRegistry registry https://registry.npmjs.org/
159 silly mapToRegistry uri https://registry.npmjs.org/nan
160 verbose addRemoteTarball https://registry.npmjs.org/nan/-/nan-2.5.1.tgz not in flight; adding
161 verbose addRemoteTarball [ 'https://registry.npmjs.org/nan/-/nan-2.5.1.tgz',
161 verbose addRemoteTarball   'd5b01691253326a97a2bbee9e61c55d8d60351e2' ]
162 info retry fetch attempt 1 at 12:45:21 PM
163 info attempt registry request try #1 at 12:45:21 PM
164 http fetch GET https://registry.npmjs.org/nan/-/nan-2.5.1.tgz
165 http fetch 200 https://registry.npmjs.org/bindings/-/bindings-1.2.1.tgz
166 silly fetchAndShaCheck shasum 14ad6113812d2d37d72e67b4cacb4bb726505f11
167 verbose addTmpTarball /var/folders/31/wpw307s10tn8lp011d3x6shr0000gn/T/npm-89049-169512e1/registry.npmjs.org/bindings/-/bindings-1.2.1.tgz not in flight; adding
168 verbose addTmpTarball already have metadata; skipping unpack for bindings@1.2.1
169 silly cache afterAdd bindings@1.2.1
170 verbose afterAdd /Users/saberkhan/.npm/bindings/1.2.1/package/package.json not in flight; writing
171 verbose afterAdd /Users/saberkhan/.npm/bindings/1.2.1/package/package.json written
172 http fetch 200 https://registry.npmjs.org/nan/-/nan-2.5.1.tgz
173 silly fetchAndShaCheck shasum d5b01691253326a97a2bbee9e61c55d8d60351e2
174 verbose addTmpTarball /var/folders/31/wpw307s10tn8lp011d3x6shr0000gn/T/npm-89049-169512e1/registry.npmjs.org/nan/-/nan-2.5.1.tgz not in flight; adding
175 verbose addTmpTarball already have metadata; skipping unpack for nan@2.5.1
176 silly cache afterAdd nan@2.5.1
177 verbose afterAdd /Users/saberkhan/.npm/nan/2.5.1/package/package.json not in flight; writing
178 verbose afterAdd /Users/saberkhan/.npm/nan/2.5.1/package/package.json written
179 silly install resolved [ { name: 'bindings',
179 silly install resolved     description: 'Helper module for loading your native module\'s .node file',
179 silly install resolved     keywords: [ 'native', 'addon', 'bindings', 'gyp', 'waf', 'c', 'c++' ],
179 silly install resolved     version: '1.2.1',
179 silly install resolved     author:
179 silly install resolved      { name: 'Nathan Rajlich',
179 silly install resolved        email: 'nathan@tootallnate.net',
179 silly install resolved        url: 'http://tootallnate.net' },
179 silly install resolved     repository:
179 silly install resolved      { type: 'git',
179 silly install resolved        url: 'git://github.com/TooTallNate/node-bindings.git' },
179 silly install resolved     main: './bindings.js',
179 silly install resolved     bugs: { url: 'https://github.com/TooTallNate/node-bindings/issues' },
179 silly install resolved     homepage: 'https://github.com/TooTallNate/node-bindings',
179 silly install resolved     license: 'MIT',
179 silly install resolved     gitHead: 'e404152ee27f8478ccbc7122ee051246e8e5ec02',
179 silly install resolved     _id: 'bindings@1.2.1',
179 silly install resolved     scripts: {},
179 silly install resolved     _shasum: '14ad6113812d2d37d72e67b4cacb4bb726505f11',
179 silly install resolved     _from: 'bindings@1.2.1',
179 silly install resolved     _npmVersion: '1.4.14',
179 silly install resolved     _npmUser: { name: 'tootallnate', email: 'nathan@tootallnate.net' },
179 silly install resolved     maintainers: [ [Object], [Object] ],
179 silly install resolved     dist:
179 silly install resolved      { shasum: '14ad6113812d2d37d72e67b4cacb4bb726505f11',
179 silly install resolved        tarball: 'https://registry.npmjs.org/bindings/-/bindings-1.2.1.tgz' },
179 silly install resolved     directories: {},
179 silly install resolved     _resolved: 'https://registry.npmjs.org/bindings/-/bindings-1.2.1.tgz' },
179 silly install resolved   { name: 'nan',
179 silly install resolved     version: '2.5.1',
179 silly install resolved     description: 'Native Abstractions for Node.js: C++ header for Node 0.8 -> 7 compatibility',
179 silly install resolved     main: 'include_dirs.js',
179 silly install resolved     repository: { type: 'git', url: 'git://github.com/nodejs/nan.git' },
179 silly install resolved     scripts:
179 silly install resolved      { test: 'tap --gc --stderr test/js/*-test.js',
179 silly install resolved        'rebuild-tests': 'node-gyp rebuild --msvs_version=2013 --directory test',
179 silly install resolved        docs: 'doc/.build.sh' },
179 silly install resolved     contributors:
179 silly install resolved      [ [Object],
179 silly install resolved        [Object],
179 silly install resolved        [Object],
179 silly install resolved        [Object],
179 silly install resolved        [Object],
179 silly install resolved        [Object],
179 silly install resolved        [Object] ],
179 silly install resolved     devDependencies:
179 silly install resolved      { bindings: '~1.2.1',
179 silly install resolved        commander: '^2.8.1',
179 silly install resolved        glob: '^5.0.14',
179 silly install resolved        'node-gyp': '~3.0.1',
179 silly install resolved        'readable-stream': '^2.1.4',
179 silly install resolved        tap: '~0.7.1',
179 silly install resolved        xtend: '~4.0.0' },
179 silly install resolved     license: 'MIT',
179 silly install resolved     bugs: { url: 'https://github.com/nodejs/nan/issues' },
179 silly install resolved     homepage: 'https://github.com/nodejs/nan#readme',
179 silly install resolved     _id: 'nan@2.5.1',
179 silly install resolved     _shasum: 'd5b01691253326a97a2bbee9e61c55d8d60351e2',
179 silly install resolved     _resolved: 'https://registry.npmjs.org/nan/-/nan-2.5.1.tgz',
179 silly install resolved     _from: 'nan@>=2.3.0 <3.0.0',
179 silly install resolved     _npmVersion: '4.0.5',
179 silly install resolved     _nodeVersion: '7.4.0',
179 silly install resolved     _npmUser: { name: 'kkoopa', email: 'bbyholm@abo.fi' },
179 silly install resolved     dist:
179 silly install resolved      { shasum: 'd5b01691253326a97a2bbee9e61c55d8d60351e2',
179 silly install resolved        tarball: 'https://registry.npmjs.org/nan/-/nan-2.5.1.tgz' },
179 silly install resolved     maintainers: [ [Object], [Object] ],
179 silly install resolved     _npmOperationalInternal:
179 silly install resolved      { host: 'packages-18-east.internal.npmjs.com',
179 silly install resolved        tmp: 'tmp/nan-2.5.1.tgz_1485124061146_0.7941144248470664' },
179 silly install resolved     directories: {} } ]
180 info install bindings@1.2.1 into /Users/saberkhan/node_modules/libpq
181 info install nan@2.5.1 into /Users/saberkhan/node_modules/libpq
182 info installOne bindings@1.2.1
183 verbose installOne of bindings to /Users/saberkhan/node_modules/libpq not in flight; installing
184 info installOne nan@2.5.1
185 verbose installOne of nan to /Users/saberkhan/node_modules/libpq not in flight; installing
186 verbose lock using /Users/saberkhan/.npm/_locks/bindings-85b1bcbd53af7bdd.lock for /Users/saberkhan/node_modules/libpq/node_modules/bindings
187 silly install write writing bindings 1.2.1 to /Users/saberkhan/node_modules/libpq/node_modules/bindings
188 verbose lock using /Users/saberkhan/.npm/_locks/nan-b83d9fe9f15f0ed1.lock for /Users/saberkhan/node_modules/libpq/node_modules/nan
189 silly install write writing nan 2.5.1 to /Users/saberkhan/node_modules/libpq/node_modules/nan
190 verbose unbuild node_modules/libpq/node_modules/bindings
191 verbose unbuild node_modules/libpq/node_modules/nan
192 silly gentlyRm /Users/saberkhan/node_modules/libpq/node_modules/bindings is being purged from base /Users/saberkhan
193 verbose gentlyRm don't care about contents; nuking /Users/saberkhan/node_modules/libpq/node_modules/bindings
194 verbose tar unpack /Users/saberkhan/.npm/bindings/1.2.1/package.tgz
195 verbose tar unpacking to /Users/saberkhan/node_modules/libpq/node_modules/bindings
196 silly gentlyRm /Users/saberkhan/node_modules/libpq/node_modules/bindings is being purged
197 verbose gentlyRm don't care about contents; nuking /Users/saberkhan/node_modules/libpq/node_modules/bindings
198 silly gentlyRm /Users/saberkhan/node_modules/libpq/node_modules/nan is being purged from base /Users/saberkhan
199 verbose gentlyRm don't care about contents; nuking /Users/saberkhan/node_modules/libpq/node_modules/nan
200 silly gunzTarPerm modes [ '755', '644' ]
201 verbose tar unpack /Users/saberkhan/.npm/nan/2.5.1/package.tgz
202 verbose tar unpacking to /Users/saberkhan/node_modules/libpq/node_modules/nan
203 silly gentlyRm /Users/saberkhan/node_modules/libpq/node_modules/nan is being purged
204 verbose gentlyRm don't care about contents; nuking /Users/saberkhan/node_modules/libpq/node_modules/nan
205 silly gunzTarPerm modes [ '755', '644' ]
206 silly gunzTarPerm extractEntry package.json
207 silly gunzTarPerm extractEntry package.json
208 silly gunzTarPerm modified mode [ 'package.json', 436, 420 ]
209 silly gunzTarPerm extractEntry README.md
210 silly gunzTarPerm extractEntry bindings.js
211 silly gunzTarPerm extractEntry README.md
212 silly gunzTarPerm modified mode [ 'README.md', 436, 420 ]
213 silly gunzTarPerm extractEntry include_dirs.js
214 silly gunzTarPerm modified mode [ 'include_dirs.js', 436, 420 ]
215 silly gunzTarPerm extractEntry nan_converters.h
216 silly gunzTarPerm modified mode [ 'nan_converters.h', 436, 420 ]
217 silly gunzTarPerm extractEntry CHANGELOG.md
218 silly gunzTarPerm modified mode [ 'CHANGELOG.md', 436, 420 ]
219 silly gunzTarPerm extractEntry LICENSE.md
220 silly gunzTarPerm modified mode [ 'LICENSE.md', 436, 420 ]
221 silly gunzTarPerm extractEntry doc/node_misc.md
222 silly gunzTarPerm modified mode [ 'doc/node_misc.md', 436, 420 ]
223 silly gunzTarPerm extractEntry doc/asyncworker.md
224 silly gunzTarPerm modified mode [ 'doc/asyncworker.md', 436, 420 ]
225 silly gunzTarPerm extractEntry doc/callback.md
226 silly gunzTarPerm modified mode [ 'doc/callback.md', 436, 420 ]
227 silly gunzTarPerm extractEntry doc/converters.md
228 silly gunzTarPerm modified mode [ 'doc/converters.md', 436, 420 ]
229 silly gunzTarPerm extractEntry doc/errors.md
230 silly gunzTarPerm modified mode [ 'doc/errors.md', 436, 420 ]
231 verbose write writing to /Users/saberkhan/node_modules/libpq/node_modules/bindings/package.json
232 silly gunzTarPerm extractEntry doc/maybe_types.md
233 silly gunzTarPerm modified mode [ 'doc/maybe_types.md', 436, 420 ]
234 silly gunzTarPerm extractEntry doc/methods.md
235 silly gunzTarPerm modified mode [ 'doc/methods.md', 436, 420 ]
236 silly gunzTarPerm extractEntry doc/new.md
237 silly gunzTarPerm modified mode [ 'doc/new.md', 436, 420 ]
238 info preinstall bindings@1.2.1
239 verbose readDependencies loading dependencies from /Users/saberkhan/node_modules/libpq/node_modules/bindings/package.json
240 silly gunzTarPerm extractEntry doc/buffers.md
241 silly gunzTarPerm modified mode [ 'doc/buffers.md', 436, 420 ]
242 silly gunzTarPerm extractEntry doc/object_wrappers.md
243 silly gunzTarPerm modified mode [ 'doc/object_wrappers.md', 436, 420 ]
244 verbose readDependencies loading dependencies from /Users/saberkhan/node_modules/libpq/node_modules/bindings/package.json
245 silly gunzTarPerm extractEntry doc/persistent.md
246 silly gunzTarPerm modified mode [ 'doc/persistent.md', 436, 420 ]
247 silly install resolved []
248 verbose about to build /Users/saberkhan/node_modules/libpq/node_modules/bindings
249 info build /Users/saberkhan/node_modules/libpq/node_modules/bindings
250 silly gunzTarPerm extractEntry doc/scopes.md
251 silly gunzTarPerm modified mode [ 'doc/scopes.md', 436, 420 ]
252 info linkStuff bindings@1.2.1
253 silly linkStuff bindings@1.2.1 has /Users/saberkhan/node_modules/libpq/node_modules as its parent node_modules
254 verbose linkBins bindings@1.2.1
255 verbose linkMans bindings@1.2.1
256 verbose rebuildBundles bindings@1.2.1
257 silly gunzTarPerm extractEntry doc/script.md
258 silly gunzTarPerm modified mode [ 'doc/script.md', 436, 420 ]
259 silly gunzTarPerm extractEntry doc/string_bytes.md
260 silly gunzTarPerm modified mode [ 'doc/string_bytes.md', 436, 420 ]
261 info install bindings@1.2.1
262 info postinstall bindings@1.2.1
263 verbose unlock done using /Users/saberkhan/.npm/_locks/bindings-85b1bcbd53af7bdd.lock for /Users/saberkhan/node_modules/libpq/node_modules/bindings
264 silly gunzTarPerm extractEntry doc/v8_internals.md
265 silly gunzTarPerm modified mode [ 'doc/v8_internals.md', 436, 420 ]
266 silly gunzTarPerm extractEntry doc/v8_misc.md
267 silly gunzTarPerm modified mode [ 'doc/v8_misc.md', 436, 420 ]
268 silly gunzTarPerm extractEntry nan.h
269 silly gunzTarPerm modified mode [ 'nan.h', 436, 420 ]
270 silly gunzTarPerm extractEntry nan_callbacks.h
271 silly gunzTarPerm modified mode [ 'nan_callbacks.h', 436, 420 ]
272 silly gunzTarPerm extractEntry nan_callbacks_12_inl.h
273 silly gunzTarPerm modified mode [ 'nan_callbacks_12_inl.h', 436, 420 ]
274 silly gunzTarPerm extractEntry nan_callbacks_pre_12_inl.h
275 silly gunzTarPerm modified mode [ 'nan_callbacks_pre_12_inl.h', 436, 420 ]
276 silly gunzTarPerm extractEntry nan_converters_43_inl.h
277 silly gunzTarPerm modified mode [ 'nan_converters_43_inl.h', 436, 420 ]
278 silly gunzTarPerm extractEntry nan_converters_pre_43_inl.h
279 silly gunzTarPerm modified mode [ 'nan_converters_pre_43_inl.h', 436, 420 ]
280 silly gunzTarPerm extractEntry nan_implementation_12_inl.h
281 silly gunzTarPerm modified mode [ 'nan_implementation_12_inl.h', 436, 420 ]
282 silly gunzTarPerm extractEntry nan_implementation_pre_12_inl.h
283 silly gunzTarPerm modified mode [ 'nan_implementation_pre_12_inl.h', 436, 420 ]
284 silly gunzTarPerm extractEntry nan_maybe_43_inl.h
285 silly gunzTarPerm modified mode [ 'nan_maybe_43_inl.h', 436, 420 ]
286 silly gunzTarPerm extractEntry nan_maybe_pre_43_inl.h
287 silly gunzTarPerm modified mode [ 'nan_maybe_pre_43_inl.h', 436, 420 ]
288 silly gunzTarPerm extractEntry nan_new.h
289 silly gunzTarPerm modified mode [ 'nan_new.h', 436, 420 ]
290 silly gunzTarPerm extractEntry nan_object_wrap.h
291 silly gunzTarPerm modified mode [ 'nan_object_wrap.h', 436, 420 ]
292 silly gunzTarPerm extractEntry nan_persistent_12_inl.h
293 silly gunzTarPerm modified mode [ 'nan_persistent_12_inl.h', 436, 420 ]
294 silly gunzTarPerm extractEntry nan_persistent_pre_12_inl.h
295 silly gunzTarPerm modified mode [ 'nan_persistent_pre_12_inl.h', 436, 420 ]
296 silly gunzTarPerm extractEntry nan_private.h
297 silly gunzTarPerm modified mode [ 'nan_private.h', 436, 420 ]
298 silly gunzTarPerm extractEntry nan_string_bytes.h
299 silly gunzTarPerm modified mode [ 'nan_string_bytes.h', 436, 420 ]
300 silly gunzTarPerm extractEntry nan_typedarray_contents.h
301 silly gunzTarPerm modified mode [ 'nan_typedarray_contents.h', 436, 420 ]
302 silly gunzTarPerm extractEntry nan_weak.h
303 silly gunzTarPerm modified mode [ 'nan_weak.h', 436, 420 ]
304 silly gunzTarPerm extractEntry tools/package.json
305 silly gunzTarPerm modified mode [ 'tools/package.json', 436, 420 ]
306 silly gunzTarPerm extractEntry tools/README.md
307 silly gunzTarPerm modified mode [ 'tools/README.md', 436, 420 ]
308 silly gunzTarPerm extractEntry tools/1to2.js
309 silly gunzTarPerm modified mode [ 'tools/1to2.js', 509, 493 ]
310 verbose write writing to /Users/saberkhan/node_modules/libpq/node_modules/nan/package.json
311 info preinstall nan@2.5.1
312 verbose readDependencies loading dependencies from /Users/saberkhan/node_modules/libpq/node_modules/nan/package.json
313 verbose readDependencies loading dependencies from /Users/saberkhan/node_modules/libpq/node_modules/nan/package.json
314 silly install resolved []
315 verbose about to build /Users/saberkhan/node_modules/libpq/node_modules/nan
316 info build /Users/saberkhan/node_modules/libpq/node_modules/nan
317 info linkStuff nan@2.5.1
318 silly linkStuff nan@2.5.1 has /Users/saberkhan/node_modules/libpq/node_modules as its parent node_modules
319 verbose linkBins nan@2.5.1
320 verbose linkMans nan@2.5.1
321 verbose rebuildBundles nan@2.5.1
322 info install nan@2.5.1
323 info postinstall nan@2.5.1
324 verbose unlock done using /Users/saberkhan/.npm/_locks/nan-b83d9fe9f15f0ed1.lock for /Users/saberkhan/node_modules/libpq/node_modules/nan
325 verbose about to build /Users/saberkhan/node_modules/libpq
326 info build /Users/saberkhan/node_modules/libpq
327 info linkStuff libpq@1.8.5
328 silly linkStuff libpq@1.8.5 has /Users/saberkhan/node_modules as its parent node_modules
329 verbose linkBins libpq@1.8.5
330 verbose linkMans libpq@1.8.5
331 verbose rebuildBundles libpq@1.8.5
332 verbose rebuildBundles [ 'bindings', 'nan' ]
333 info install libpq@1.8.5
334 verbose unsafe-perm in lifecycle true
335 info libpq@1.8.5 Failed to exec install script
336 verbose unlock done using /Users/saberkhan/.npm/_locks/libpq-6f6091a9336607d4.lock for /Users/saberkhan/node_modules/libpq
337 verbose stack Error: libpq@1.8.5 install: `node-gyp rebuild`
337 verbose stack Exit status 1
337 verbose stack     at EventEmitter.<anonymous> (/usr/local/lib/node_modules/npm/lib/utils/lifecycle.js:214:16)
337 verbose stack     at emitTwo (events.js:87:13)
337 verbose stack     at EventEmitter.emit (events.js:172:7)
337 verbose stack     at ChildProcess.<anonymous> (/usr/local/lib/node_modules/npm/lib/utils/spawn.js:24:14)
337 verbose stack     at emitTwo (events.js:87:13)
337 verbose stack     at ChildProcess.emit (events.js:172:7)
337 verbose stack     at maybeClose (internal/child_process.js:821:16)
337 verbose stack     at Process.ChildProcess._handle.onexit (internal/child_process.js:211:5)
338 verbose pkgid libpq@1.8.5
339 verbose cwd /Users/saberkhan/Browning-Development/twilio-app
340 error Darwin 16.4.0
341 error argv "/usr/local/bin/node" "/usr/local/bin/npm" "install" "libpq"
342 error node v4.3.1
343 error npm  v2.14.12
344 error code ELIFECYCLE
345 error libpq@1.8.5 install: `node-gyp rebuild`
345 error Exit status 1
346 error Failed at the libpq@1.8.5 install script 'node-gyp rebuild'.
346 error This is most likely a problem with the libpq package,
346 error not with npm itself.
346 error Tell the author that this fails on your system:
346 error     node-gyp rebuild
346 error You can get their info via:
346 error     npm owner ls libpq
346 error There is likely additional logging output above.
347 verbose exit [ 1, true ]
348 verbose unbuild node_modules/libpq
349 info preuninstall libpq@1.8.5
350 info uninstall libpq@1.8.5
351 verbose unbuild rmStuff libpq@1.8.5 from /Users/saberkhan/node_modules
352 info postuninstall libpq@1.8.5
353 silly gentlyRm /Users/saberkhan/node_modules/libpq is being purged from base /Users/saberkhan
354 verbose gentlyRm don't care about contents; nuking /Users/saberkhan/node_modules/libpq
355 silly vacuum-fs purging /Users/saberkhan/node_modules/libpq
356 silly vacuum-fs quitting because other entries in /Users/saberkhan/node_modules
